<?xml version="1.0" encoding="UTF-8"?>
<!-- Generated by org.testng.reporters.JUnitReportReporter -->
<testsuite hostname="LAPTOP-FIT86KKD" failures="0" tests="3" name="testcases.AddBook" time="2.585" errors="0" timestamp="2021-09-03T20:29:09 IST" skipped="0">
  <testcase classname="testcases.AddBook" name="AddbookAPI" time="0.354"/>
  <system-out/>
  <testcase classname="testcases.AddBook" name="AddbookAPI" time="1.879"/>
  <system-out/>
  <testcase classname="testcases.AddBook" name="AddbookAPI" time="0.352"/>
  <system-out/>
</testsuite> <!-- testcases.AddBook -->
